Arguments: 
  /Users/phoomparin/.nvm/versions/node/v9.4.0/bin/node /usr/local/Cellar/yarn/1.5.1/libexec/bin/yarn.js start

PATH: 
  /Users/phoomparin/lib/gcloud/bin:/usr/bin:/opt/local/bin:/opt/local/sbin:/Users/phoomparin/bin:/usr/local/bin:/Users/phoomparin/.gvm/bin:/usr/local/Cellar/zplug/2.4.2/repos/zplug/zplug/bin:/usr/local/opt/zplug/bin:/Users/phoomparin/.cargo/bin:/Users/phoomparin/.nvm/versions/node/v9.4.0/bin:/Users/phoomparin/lib/gcloud/bin:/usr/bin:/opt/local/bin:/opt/local/sbin:/Users/phoomparin/bin:/usr/local/bin:/Users/phoomparin/.gvm/bin:/bin:/usr/sbin:/sbin:/Library/TeX/texbin:/usr/local/go/bin:/usr/local/MacGPG2/bin:/usr/local/share/dotnet:/opt/X11/bin:/Library/Frameworks/Mono.framework/Versions/Current/Commands:/usr/local/CrossPack-AVR/bin:/Applications/Wireshark.app/Contents/MacOS:/usr/local/opt/fzf/bin:/usr/local/opt/zplug/repos/unixorn/tumult.plugin.zsh/bin:/Users/phoomparin/Go/bin:/Users/phoomparin/Library/Android/sdk/tools:/Users/phoomparin/Library/Android/sdk/platform-tools:/Users/phoomparin/.fastlane/bin:/Users/phoomparin/.config/yarn/global/node_modules/.bin:/Users/phoomparin/Labs/flutter/bin:/Users/phoomparin/.mix/:/Users/phoomparin/.local/bin:/Users/phoomparin/.local/bin/luna-studio:/usr/local/sbin:/usr/libexec:/Users/phoomparin/.rvm/bin:/Users/phoomparin/lib/flutter/bin:/usr/local/opt/zplug/repos/unixorn/tumult.plugin.zsh/bin:/Users/phoomparin/Go/bin:/Users/phoomparin/Library/Android/sdk/tools:/Users/phoomparin/Library/Android/sdk/platform-tools:/Users/phoomparin/.fastlane/bin:/Users/phoomparin/lib/gcloud/bin:/Users/phoomparin/.config/yarn/global/node_modules/.bin:/Users/phoomparin/.cargo/bin:/Users/phoomparin/Labs/flutter/bin:/Users/phoomparin/.mix/:/Users/phoomparin/.local/bin:/Users/phoomparin/.local/bin/luna-studio:/usr/local/sbin:/usr/libexec:/Users/phoomparin/.rvm/bin:/Users/phoomparin/lib/flutter/bin

Yarn version: 
  1.5.1

Node version: 
  9.4.0

Platform: 
  darwin x64

npm manifest: 
  {
    "name": "sort-fun",
    "version": "1.0.0",
    "main": "index.js",
    "repository": "git@github.com:phoomparin/sort-fun.git",
    "author": "Phoomparin Mano <work@phoom.in.th>",
    "license": "MIT"
  }

yarn manifest: 
  No manifest

Lockfile: 
  No lockfile

Trace: 
  Error: Command "start" not found.
      at new MessageError (/usr/local/Cellar/yarn/1.5.1/libexec/lib/cli.js:186:110)
      at /usr/local/Cellar/yarn/1.5.1/libexec/lib/cli.js:87307:17
      at Generator.next (<anonymous>)
      at step (/usr/local/Cellar/yarn/1.5.1/libexec/lib/cli.js:98:30)
      at /usr/local/Cellar/yarn/1.5.1/libexec/lib/cli.js:116:14
      at new Promise (<anonymous>)
      at new F (/usr/local/Cellar/yarn/1.5.1/libexec/lib/cli.js:23451:28)
      at /usr/local/Cellar/yarn/1.5.1/libexec/lib/cli.js:95:12
      at runCommand (/usr/local/Cellar/yarn/1.5.1/libexec/lib/cli.js:87312:22)
      at Object.<anonymous> (/usr/local/Cellar/yarn/1.5.1/libexec/lib/cli.js:87412:14)
